#
# There is insufficient memory for the Java Runtime Environment to continue.
# Native memory allocation (malloc) failed to allocate 1048576 bytes for AllocateHeap
# Possible reasons:
#   The system is out of physical RAM or swap space
#   The process is running with CompressedOops enabled, and the Java Heap may be blocking the growth of the native heap
# Possible solutions:
#   Reduce memory load on the system
#   Increase physical memory or swap space
#   Check if swap backing store is full
#   Decrease Java heap size (-Xmx/-Xms)
#   Decrease number of Java threads
#   Decrease Java thread stack sizes (-Xss)
#   Set larger code cache with -XX:ReservedCodeCacheSize=
#   JVM is running with Zero Based Compressed Oops mode in which the Java heap is
#     placed in the first 32GB address space. The Java Heap base address is the
#     maximum limit for the native heap growth. Please use -XX:HeapBaseMinAddress
#     to set the Java Heap base and to place the Java Heap above 32GB virtual address.
# This output file may be truncated or incomplete.
#
#  Out of Memory Error (memory/allocation.inline.hpp:61), pid=24572, tid=0x0000000000004ce0
#
# JRE version:  (8.0_202-b08) (build )
# Java VM: Java HotSpot(TM) 64-Bit Server VM (25.202-b08 mixed mode windows-amd64 compressed oops)
# Failed to write core dump. Minidumps are not enabled by default on client versions of Windows
#

---------------  T H R E A D  ---------------

Current thread (0x000000000356d800):  JavaThread "Unknown thread" [_thread_in_vm, id=19680, stack(0x0000000003430000,0x0000000003530000)]

Stack: [0x0000000003430000,0x0000000003530000]
[error occurred during error reporting (printing stack bounds), id 0xc0000005]

Native frames: (J=compiled Java code, j=interpreted, Vv=VM code, C=native code)


---------------  P R O C E S S  ---------------

Java Threads: ( => current thread )

Other Threads:

=>0x000000000356d800 (exited) JavaThread "Unknown thread" [_thread_in_vm, id=19680, stack(0x0000000003430000,0x0000000003530000)]

VM state:not at safepoint (normal execution)

VM Mutex/Monitor currently owned by a thread: None

heap address: 0x00000006c0c00000, size: 4084 MB, Compressed Oops mode: Zero based, Oop shift amount: 3
Narrow klass base: 0x0000000000000000, Narrow klass shift: 3
Compressed class space size: 1073741824 Address: 0x00000007c0000000

Heap:
 PSYoungGen      total 76288K, used 1310K [0x000000076af00000, 0x0000000770400000, 0x00000007c0000000)
  eden space 65536K, 2% used [0x000000076af00000,0x000000076b047af0,0x000000076ef00000)
  from space 10752K, 0% used [0x000000076f980000,0x000000076f980000,0x0000000770400000)
  to   space 10752K, 0% used [0x000000076ef00000,0x000000076ef00000,0x000000076f980000)
 ParOldGen       total 175104K, used 0K [0x00000006c0c00000, 0x00000006cb700000, 0x000000076af00000)
  object space 175104K, 0% used [0x00000006c0c00000,0x00000006c0c00000,0x00000006cb700000)
 Metaspace       used 751K, capacity 4480K, committed 4480K, reserved 1056768K
  class space    used 76K, capacity 384K, committed 384K, reserved 1048576K

Card table byte_map: [0x0000000012a30000,0x0000000013230000] byte_map_base: 0x000000000f42a000

Marking Bits: (ParMarkBitMap*) 0x0000000077d65ce0
 Begin Bits: [0x0000000013f90000, 0x0000000017f60000)
 End Bits:   [0x0000000017f60000, 0x000000001bf30000)

Polling page: 0x0000000001470000

CodeCache: size=245760Kb used=328Kb max_used=328Kb free=245431Kb
 bounds [0x0000000003670000, 0x00000000038e0000, 0x0000000012670000]
 total_blobs=58 nmethods=0 adapters=38
 compilation: enabled

Compilation events (0 events):
No events

GC Heap History (0 events):
No events

Deoptimization events (0 events):
No events

Classes redefined (0 events):
No events

Internal exceptions (0 events):
No events

Events (10 events):
Event: 0.014 loading class java/lang/Short
Event: 0.014 loading class java/lang/Short done
Event: 0.014 loading class java/lang/Integer
Event: 0.014 loading class java/lang/Integer done
Event: 0.014 loading class java/lang/Long
Event: 0.014 loading class java/lang/Long done
Event: 0.015 loading class java/lang/NullPointerException
Event: 0.015 loading class java/lang/NullPointerException done
Event: 0.015 loading class java/lang/ArithmeticException
Event: 0.015 loading class java/lang/ArithmeticException done


Dynamic libraries:
0x00007ff67fbd0000 - 0x00007ff67fc07000 	C:\Program Files\Java\jre1.8.0_202\bin\javaw.exe
0x00007ff9f48f0000 - 0x00007ff9f4ae8000 	C:\Windows\SYSTEM32\ntdll.dll
0x00007ff9f3d50000 - 0x00007ff9f3e0f000 	C:\Windows\System32\KERNEL32.DLL
0x00007ff9f2220000 - 0x00007ff9f24f2000 	C:\Windows\System32\KERNELBASE.dll
0x00007ff9f4800000 - 0x00007ff9f48ae000 	C:\Windows\System32\ADVAPI32.dll
0x00007ff9f37e0000 - 0x00007ff9f387e000 	C:\Windows\System32\msvcrt.dll
0x00007ff9f31f0000 - 0x00007ff9f328c000 	C:\Windows\System32\sechost.dll
0x00007ff9f2a50000 - 0x00007ff9f2b75000 	C:\Windows\System32\RPCRT4.dll
0x00007ff9f3480000 - 0x00007ff9f3621000 	C:\Windows\System32\USER32.dll
0x00007ff9f26f0000 - 0x00007ff9f2712000 	C:\Windows\System32\win32u.dll
0x00007ff9f4560000 - 0x00007ff9f458b000 	C:\Windows\System32\GDI32.dll
0x00007ff9f2720000 - 0x00007ff9f282f000 	C:\Windows\System32\gdi32full.dll
0x00007ff9f2500000 - 0x00007ff9f259d000 	C:\Windows\System32\msvcp_win.dll
0x00007ff9f2830000 - 0x00007ff9f2930000 	C:\Windows\System32\ucrtbase.dll
0x00007ff9d08a0000 - 0x00007ff9d0b3a000 	C:\Windows\WinSxS\amd64_microsoft.windows.common-controls_6595b64144ccf1df_6.0.19041.1110_none_60b5254171f9507e\COMCTL32.dll
0x00007ff9f4610000 - 0x00007ff9f4642000 	C:\Windows\System32\IMM32.DLL
0x000000006fc70000 - 0x000000006fd42000 	C:\Program Files\Java\jre1.8.0_202\bin\msvcr100.dll
0x0000000077540000 - 0x0000000077de5000 	C:\Program Files\Java\jre1.8.0_202\bin\server\jvm.dll
0x00007ff9f3180000 - 0x00007ff9f3188000 	C:\Windows\System32\PSAPI.DLL
0x00007ff9ed050000 - 0x00007ff9ed05a000 	C:\Windows\SYSTEM32\VERSION.dll
0x00007ff9e5a10000 - 0x00007ff9e5a19000 	C:\Windows\SYSTEM32\WSOCK32.dll
0x00007ff9d5350000 - 0x00007ff9d5377000 	C:\Windows\SYSTEM32\WINMM.dll
0x00007ff9f3290000 - 0x00007ff9f32fb000 	C:\Windows\System32\WS2_32.dll
0x00007ff9e5a00000 - 0x00007ff9e5a0f000 	C:\Program Files\Java\jre1.8.0_202\bin\verify.dll
0x00007ff9e1800000 - 0x00007ff9e1829000 	C:\Program Files\Java\jre1.8.0_202\bin\java.dll
0x00007ff9e1b80000 - 0x00007ff9e1b96000 	C:\Program Files\Java\jre1.8.0_202\bin\zip.dll

VM Arguments:
jvm_args: -Dfile.encoding=UTF-8 
java_command: Frames.showGame
java_class_path (initial): C:\Users\GGG\git\gameProject\bin;D:\parkgayeong\수업\workspace\_gameproject\bin;D:\parkgayeong\mysql-connector-j-8.0.31\mysql-connector-j-8.0.31\mysql-connector-j-8.0.31.jar
Launcher Type: SUN_STANDARD

Environment Variables:
JAVA_HOME=C:\Program Files\Java\jdk1.8.0_202
PATH=C:/Program Files/Java/jre1.8.0_202/bin/server;C:/Program Files/Java/jre1.8.0_202/bin;C:/Program Files/Java/jre1.8.0_202/lib/amd64;C:\Program Files (x86)\Common Files\Oracle\Java\javapath;C:\Program Files (x86)\Common Files\Intel\Shared Libraries\redist\intel64\compiler;C:\Windows\system32;C:\Windows;C:\Windows\System32\Wbem;C:\Windows\System32\WindowsPowerShell\v1.0\;C:\Windows\System32\OpenSSH\;C:\Program Files\Java\jdk1.8.0_202\bin;C:\Program Files\MySQL\MySQL Shell 8.0\bin\;C:\Users\GGG\AppData\Local\Microsoft\WindowsApps;;D:\parkgayeong\eclipse;
USERNAME=GGG
OS=Windows_NT
PROCESSOR_IDENTIFIER=Intel64 Family 6 Model 158 Stepping 13, GenuineIntel



---------------  S Y S T E M  ---------------

OS: Windows 10.0 , 64 bit Build 19041 (10.0.19041.2364)

CPU:total 8 (initial active 8) (8 cores per cpu, 1 threads per core) family 6 model 158 stepping 13, cmov, cx8, fxsr, mmx, sse, sse2, sse3, ssse3, sse4.1, sse4.2, popcnt, avx, avx2, aes, clmul, erms, rtm, 3dnowpref, lzcnt, tsc, tscinvbit, bmi1, bmi2, adx

Memory: 4k page, physical 16720012k(2822040k free), swap 56041980k(5348k free)

vm_info: Java HotSpot(TM) 64-Bit Server VM (25.202-b08) for windows-amd64 JRE (1.8.0_202-b08), built on Dec 15 2018 19:54:30 by "java_re" with MS VC++ 10.0 (VS2010)

time: Tue Jan 10 15:15:26 2023
timezone: 대한민국 표준시
elapsed time: 0 seconds (0d 0h 0m 0s)

